<?xml version="1.0" encoding="UTF-8"?>
<!-- Generated by org.testng.reporters.JUnitXMLReporter -->
<testsuite ignored="0" hostname="DESKTOP-KLMO8CO" failures="0" tests="9" name="Surefire test" time="53.199" errors="0" timestamp="2024-07-03T14:41:30 IST">
  <testcase classname="com.tutorialsNinja.qa.testcases.LoginTest" name="verifyLoginWithValidCredentials" time="0.945"/>
  <testcase classname="com.tutorialsNinja.qa.testcases.LoginTest" name="verifyLoginWithInvalidCredentials" time="1.034"/>
  <testcase classname="com.tutorialsNinja.qa.testcases.LoginTest" name="verifyLoginWithInvalidEmailAddressAndValidPassword" time="1.423"/>
  <testcase classname="com.tutorialsNinja.qa.testcases.LoginTest" name="verifyLoginWithValidEmailAddressAndInvalidPassword" time="0.737"/>
  <testcase classname="com.tutorialsNinja.qa.testcases.LoginTest" name="verifyLoginWithoutProvidingCredentials" time="0.584"/>
  <testcase classname="com.tutorialsNinja.qa.testcases.RegisterTest" name="VerifyRegisteringAccountWithMandatoryFields" time="6.297"/>
  <testcase classname="com.tutorialsNinja.qa.testcases.RegisterTest" name="VerifyRegisteringAccountByProvidingAllFields" time="6.885"/>
  <testcase classname="com.tutorialsNinja.qa.testcases.RegisterTest" name="VerifyRegisteringAccountByExistingEmailAddress" time="6.0"/>
  <testcase classname="com.tutorialsNinja.qa.testcases.RegisterTest" name="VerifyRegisteringAccountWithoutFillingAnyDetails" time="5.14"/>
</testsuite> <!-- Surefire test -->
