<?xml version="1.0" encoding="UTF-8"?>
<!-- Generated by org.testng.reporters.JUnitXMLReporter -->
<testsuite ignored="4" hostname="DESKTOP-KLMO8CO" failures="0" tests="1" name="Default test" time="8.329" errors="0" timestamp="2024-06-22T17:04:02 IST">
  <testcase classname="com.tutorialsNinja.qa.testcases.Login" name="verifyLoginWithInvalidCredentials" time="0.999"/>
  <testcase classname="com.tutorialsNinja.qa.testcases.Login" name="verifyLoginWithInvalidEmailAddressAndValidPassword" time="0.0">
    <ignored/>
  </testcase> <!-- verifyLoginWithInvalidEmailAddressAndValidPassword -->
  <testcase classname="com.tutorialsNinja.qa.testcases.Login" name="verifyLoginWithValidEmailAddressAndInvalidPassword" time="0.0">
    <ignored/>
  </testcase> <!-- verifyLoginWithValidEmailAddressAndInvalidPassword -->
  <testcase classname="com.tutorialsNinja.qa.testcases.Login" name="verifyLoginWithoutProvidingCredentials" time="0.0">
    <ignored/>
  </testcase> <!-- verifyLoginWithoutProvidingCredentials -->
  <testcase classname="com.tutorialsNinja.qa.testcases.Login" name="verifyLoginWithValidCredentials" time="0.0">
    <ignored/>
  </testcase> <!-- verifyLoginWithValidCredentials -->
</testsuite> <!-- Default test -->
