<?xml version="1.0" encoding="UTF-8"?>
<!-- Generated by org.testng.reporters.JUnitXMLReporter -->
<testsuite ignored="0" hostname="DESKTOP-KLMO8CO" failures="0" tests="5" name="Default test" time="30.615" errors="0" timestamp="2024-07-03T14:45:21 IST">
  <testcase classname="com.tutorialsNinja.qa.testcases.LoginTest" name="verifyLoginWithValidCredentials" time="0.999"/>
  <testcase classname="com.tutorialsNinja.qa.testcases.LoginTest" name="verifyLoginWithInvalidCredentials" time="0.84"/>
  <testcase classname="com.tutorialsNinja.qa.testcases.LoginTest" name="verifyLoginWithInvalidEmailAddressAndValidPassword" time="1.448"/>
  <testcase classname="com.tutorialsNinja.qa.testcases.LoginTest" name="verifyLoginWithValidEmailAddressAndInvalidPassword" time="0.717"/>
  <testcase classname="com.tutorialsNinja.qa.testcases.LoginTest" name="verifyLoginWithoutProvidingCredentials" time="0.707"/>
</testsuite> <!-- Default test -->
