<?xml version="1.0" encoding="UTF-8"?>
<testng-results ignored="0" total="9" passed="9" failed="0" skipped="0">
  <reporter-output>
  </reporter-output>
  <suite started-at="2024-07-03T14:40:37 IST" name="Surefire suite" finished-at="2024-07-03T14:41:30 IST" duration-ms="53199">
    <groups>
    </groups>
    <test started-at="2024-07-03T14:40:37 IST" name="Surefire test" finished-at="2024-07-03T14:41:30 IST" duration-ms="53199">
      <class name="com.tutorialsNinja.qa.testcases.RegisterTest">
        <test-method signature="VerifyRegisteringAccountWithMandatoryFields()[pri:1, instance:com.tutorialsNinja.qa.testcases.RegisterTest@1b765a2c]" started-at="2024-07-03T14:41:06 IST" name="VerifyRegisteringAccountWithMandatoryFields" finished-at="2024-07-03T14:41:12 IST" duration-ms="6297" status="PASS">
          <reporter-output>
          </reporter-output>
        </test-method> <!-- VerifyRegisteringAccountWithMandatoryFields -->
        <test-method signature="VerifyRegisteringAccountByProvidingAllFields()[pri:2, instance:com.tutorialsNinja.qa.testcases.RegisterTest@1b765a2c]" started-at="2024-07-03T14:41:12 IST" name="VerifyRegisteringAccountByProvidingAllFields" finished-at="2024-07-03T14:41:19 IST" duration-ms="6885" status="PASS">
          <reporter-output>
          </reporter-output>
        </test-method> <!-- VerifyRegisteringAccountByProvidingAllFields -->
        <test-method signature="VerifyRegisteringAccountByExistingEmailAddress()[pri:3, instance:com.tutorialsNinja.qa.testcases.RegisterTest@1b765a2c]" started-at="2024-07-03T14:41:19 IST" name="VerifyRegisteringAccountByExistingEmailAddress" finished-at="2024-07-03T14:41:25 IST" duration-ms="6000" status="PASS">
          <reporter-output>
          </reporter-output>
        </test-method> <!-- VerifyRegisteringAccountByExistingEmailAddress -->
        <test-method signature="VerifyRegisteringAccountWithoutFillingAnyDetails()[pri:4, instance:com.tutorialsNinja.qa.testcases.RegisterTest@1b765a2c]" started-at="2024-07-03T14:41:25 IST" name="VerifyRegisteringAccountWithoutFillingAnyDetails" finished-at="2024-07-03T14:41:30 IST" duration-ms="5140" status="PASS">
          <reporter-output>
          </reporter-output>
        </test-method> <!-- VerifyRegisteringAccountWithoutFillingAnyDetails -->
      </class> <!-- com.tutorialsNinja.qa.testcases.RegisterTest -->
      <class name="com.tutorialsNinja.qa.testcases.LoginTest">
        <test-method is-config="true" signature="setup()[pri:0, instance:com.tutorialsNinja.qa.testcases.LoginTest@5b202a3a]" started-at="2024-07-03T14:40:37 IST" name="setup" finished-at="2024-07-03T14:40:42 IST" duration-ms="4871" status="PASS">
          <reporter-output>
          </reporter-output>
        </test-method> <!-- setup -->
        <test-method signature="verifyLoginWithValidCredentials()[pri:1, instance:com.tutorialsNinja.qa.testcases.LoginTest@5b202a3a]" started-at="2024-07-03T14:40:42 IST" name="verifyLoginWithValidCredentials" finished-at="2024-07-03T14:40:43 IST" duration-ms="945" status="PASS">
          <reporter-output>
          </reporter-output>
        </test-method> <!-- verifyLoginWithValidCredentials -->
        <test-method is-config="true" signature="tearDown()[pri:0, instance:com.tutorialsNinja.qa.testcases.LoginTest@5b202a3a]" started-at="2024-07-03T14:40:43 IST" name="tearDown" finished-at="2024-07-03T14:40:44 IST" duration-ms="650" status="PASS">
          <reporter-output>
          </reporter-output>
        </test-method> <!-- tearDown -->
        <test-method is-config="true" signature="setup()[pri:0, instance:com.tutorialsNinja.qa.testcases.LoginTest@5b202a3a]" started-at="2024-07-03T14:40:44 IST" name="setup" finished-at="2024-07-03T14:40:48 IST" duration-ms="4291" status="PASS">
          <reporter-output>
          </reporter-output>
        </test-method> <!-- setup -->
        <test-method signature="verifyLoginWithInvalidCredentials()[pri:2, instance:com.tutorialsNinja.qa.testcases.LoginTest@5b202a3a]" started-at="2024-07-03T14:40:48 IST" name="verifyLoginWithInvalidCredentials" finished-at="2024-07-03T14:40:49 IST" duration-ms="1034" status="PASS">
          <reporter-output>
          </reporter-output>
        </test-method> <!-- verifyLoginWithInvalidCredentials -->
        <test-method is-config="true" signature="tearDown()[pri:0, instance:com.tutorialsNinja.qa.testcases.LoginTest@5b202a3a]" started-at="2024-07-03T14:40:49 IST" name="tearDown" finished-at="2024-07-03T14:40:49 IST" duration-ms="638" status="PASS">
          <reporter-output>
          </reporter-output>
        </test-method> <!-- tearDown -->
        <test-method is-config="true" signature="setup()[pri:0, instance:com.tutorialsNinja.qa.testcases.LoginTest@5b202a3a]" started-at="2024-07-03T14:40:49 IST" name="setup" finished-at="2024-07-03T14:40:54 IST" duration-ms="4172" status="PASS">
          <reporter-output>
          </reporter-output>
        </test-method> <!-- setup -->
        <test-method signature="verifyLoginWithInvalidEmailAddressAndValidPassword()[pri:3, instance:com.tutorialsNinja.qa.testcases.LoginTest@5b202a3a]" started-at="2024-07-03T14:40:54 IST" name="verifyLoginWithInvalidEmailAddressAndValidPassword" finished-at="2024-07-03T14:40:55 IST" duration-ms="1423" status="PASS">
          <reporter-output>
          </reporter-output>
        </test-method> <!-- verifyLoginWithInvalidEmailAddressAndValidPassword -->
        <test-method is-config="true" signature="tearDown()[pri:0, instance:com.tutorialsNinja.qa.testcases.LoginTest@5b202a3a]" started-at="2024-07-03T14:40:55 IST" name="tearDown" finished-at="2024-07-03T14:40:55 IST" duration-ms="0" status="PASS">
          <reporter-output>
          </reporter-output>
        </test-method> <!-- tearDown -->
        <test-method is-config="true" signature="setup()[pri:0, instance:com.tutorialsNinja.qa.testcases.LoginTest@5b202a3a]" started-at="2024-07-03T14:40:55 IST" name="setup" finished-at="2024-07-03T14:40:59 IST" duration-ms="4142" status="PASS">
          <reporter-output>
          </reporter-output>
        </test-method> <!-- setup -->
        <test-method signature="verifyLoginWithValidEmailAddressAndInvalidPassword()[pri:4, instance:com.tutorialsNinja.qa.testcases.LoginTest@5b202a3a]" started-at="2024-07-03T14:40:59 IST" name="verifyLoginWithValidEmailAddressAndInvalidPassword" finished-at="2024-07-03T14:41:00 IST" duration-ms="737" status="PASS">
          <reporter-output>
          </reporter-output>
        </test-method> <!-- verifyLoginWithValidEmailAddressAndInvalidPassword -->
        <test-method is-config="true" signature="tearDown()[pri:0, instance:com.tutorialsNinja.qa.testcases.LoginTest@5b202a3a]" started-at="2024-07-03T14:41:00 IST" name="tearDown" finished-at="2024-07-03T14:41:01 IST" duration-ms="617" status="PASS">
          <reporter-output>
          </reporter-output>
        </test-method> <!-- tearDown -->
        <test-method is-config="true" signature="setup()[pri:0, instance:com.tutorialsNinja.qa.testcases.LoginTest@5b202a3a]" started-at="2024-07-03T14:41:01 IST" name="setup" finished-at="2024-07-03T14:41:05 IST" duration-ms="4095" status="PASS">
          <reporter-output>
          </reporter-output>
        </test-method> <!-- setup -->
        <test-method signature="verifyLoginWithoutProvidingCredentials()[pri:5, instance:com.tutorialsNinja.qa.testcases.LoginTest@5b202a3a]" started-at="2024-07-03T14:41:05 IST" name="verifyLoginWithoutProvidingCredentials" finished-at="2024-07-03T14:41:05 IST" duration-ms="584" status="PASS">
          <reporter-output>
          </reporter-output>
        </test-method> <!-- verifyLoginWithoutProvidingCredentials -->
        <test-method is-config="true" signature="tearDown()[pri:0, instance:com.tutorialsNinja.qa.testcases.LoginTest@5b202a3a]" started-at="2024-07-03T14:41:05 IST" name="tearDown" finished-at="2024-07-03T14:41:06 IST" duration-ms="635" status="PASS">
          <reporter-output>
          </reporter-output>
        </test-method> <!-- tearDown -->
      </class> <!-- com.tutorialsNinja.qa.testcases.LoginTest -->
    </test> <!-- Surefire test -->
  </suite> <!-- Surefire suite -->
</testng-results>
