<?xml version="1.0" encoding="UTF-8"?>
<testsuite xmlns:xsi="http://www.w3.org/2001/XMLSchema-instance" xsi:noNamespaceSchemaLocation="https://maven.apache.org/surefire/maven-surefire-plugin/xsd/surefire-test-report.xsd" name="TestSuite" time="54.436" tests="9" errors="0" skipped="0" failures="0">
  <properties>
[...]
</properties>
  <testcase name="verifyLoginWithValidCredentials" classname="com.tutorialsNinja.qa.testcases.LoginTest" time="1.023"/>
  <testcase name="verifyLoginWithInvalidCredentials" classname="com.tutorialsNinja.qa.testcases.LoginTest" time="0.857"/>
  <testcase name="verifyLoginWithInvalidEmailAddressAndValidPassword" classname="com.tutorialsNinja.qa.testcases.LoginTest" time="1.422"/>
  <testcase name="verifyLoginWithValidEmailAddressAndInvalidPassword" classname="com.tutorialsNinja.qa.testcases.LoginTest" time="0.755"/>
  <testcase name="verifyLoginWithoutProvidingCredentials" classname="com.tutorialsNinja.qa.testcases.LoginTest" time="0.713"/>
  <testcase name="VerifyRegisteringAccountWithMandatoryFields" classname="com.tutorialsNinja.qa.testcases.RegisterTest" time="6.283"/>
  <testcase name="VerifyRegisteringAccountByProvidingAllFields" classname="com.tutorialsNinja.qa.testcases.RegisterTest" time="6.421"/>
  <testcase name="VerifyRegisteringAccountByExistingEmailAddress" classname="com.tutorialsNinja.qa.testcases.RegisterTest" time="5.902"/>
  <testcase name="VerifyRegisteringAccountWithoutFillingAnyDetails" classname="com.tutorialsNinja.qa.testcases.RegisterTest" time="4.942"/>
</testsuite>