<?xml version="1.0" encoding="UTF-8"?>
<testng-results ignored="4" total="5" passed="1" failed="0" skipped="0">
  <reporter-output>
  </reporter-output>
  <suite started-at="2024-06-22T17:03:54 IST" name="Default suite" finished-at="2024-06-22T17:04:02 IST" duration-ms="8329">
    <groups>
    </groups>
    <test started-at="2024-06-22T17:03:54 IST" name="Default test" finished-at="2024-06-22T17:04:02 IST" duration-ms="8329">
      <class name="com.tutorialsNinja.qa.testcases.Login">
        <test-method is-config="true" signature="setup()[pri:0, instance:com.tutorialsNinja.qa.testcases.Login@6631f5ca]" started-at="2024-06-22T17:03:54 IST" name="setup" finished-at="2024-06-22T17:04:00 IST" duration-ms="6666" status="PASS">
          <reporter-output>
          </reporter-output>
        </test-method> <!-- setup -->
        <test-method signature="verifyLoginWithInvalidCredentials()[pri:2, instance:com.tutorialsNinja.qa.testcases.Login@6631f5ca]" started-at="2024-06-22T17:04:00 IST" name="verifyLoginWithInvalidCredentials" finished-at="2024-06-22T17:04:01 IST" duration-ms="999" status="PASS">
          <reporter-output>
          </reporter-output>
        </test-method> <!-- verifyLoginWithInvalidCredentials -->
        <test-method is-config="true" signature="tearDown()[pri:0, instance:com.tutorialsNinja.qa.testcases.Login@6631f5ca]" started-at="2024-06-22T17:04:01 IST" name="tearDown" finished-at="2024-06-22T17:04:02 IST" duration-ms="630" status="PASS">
          <reporter-output>
          </reporter-output>
        </test-method> <!-- tearDown -->
      </class> <!-- com.tutorialsNinja.qa.testcases.Login -->
    </test> <!-- Default test -->
  </suite> <!-- Default suite -->
</testng-results>
